(t0): New task P1
(t0): New task P3
(t0): P1 running
(t1): New task P2
(t1): New task P4
(t1): P1 running
(t2): P1 running
(t3): Task P1 goes to sleep until (t8)
(t2): Context switch (P1)<->(P2)
(t3): P2 running
(t4): Task P2 goes to sleep until (t6)
(t3): Context switch (P2)<->(P3)
(t4): P3 running
(t5): P3 running
(t6): task P2 awake
(t6): P3 running
(t7): Task P3 goes to sleep until (t12)
(t6): Context switch (P3)<->(P4)
(t7): P4 running
(t8): task P1 awake
(t8): P4 running
(t9): P4 running
(t10): Task P4 goes to sleep until (t15)
(t9): Context switch (P4)<->(P1)
(t10): P1 running
(t11): P1 running
(t12): task P3 awake
(t12): P1 running
(t13): P1 running
(t14): Task P1 goes to sleep until (t15)
(t13): Context switch (P1)<->(P3)
(t14): P3 running
(t15): task P4 awake
(t15): P3 running
(t16): P3 running
(t17): P3 running
(t18): Task P3 goes to sleep until (t19)
(t17): Context switch (P3)<->(P4)
(t18): P4 running
(t19): P4 running
(t20): P4 running
(t21): P4 running
(t22): Task P4 goes to sleep until (t23)
(t21): Context switch (P4)<->(P2)
(t22): P2 running
(t23): P2 running
(t24): P2 running
(t25): P2 running
(t26): P2 running
(t27): P2 running
(t27): Context switch (P2)<->(idle)
==================
P1	0	3	running
P1	3	8	I/O
P1	8	10	ready
P1	10	14	running
P1	14	15	I/O
P2	1	3	ready
P2	3	4	running
P2	4	6	I/O
P2	6	22	ready
P2	22	28	running
P3	0	4	ready
P3	4	7	running
P3	7	12	I/O
P3	12	14	ready
P3	14	18	running
P3	18	19	I/O
P4	1	7	ready
P4	7	10	running
P4	10	15	I/O
P4	15	18	ready
P4	18	22	running
P4	22	23	I/O
